# JRE version: Java(TM) SE Runtime Environment (8.0_212-b10) (build 1.8.0_212-b10)
# Java VM: Java HotSpot(TM) 64-Bit Server VM (25.212-b10 mixed mode bsd-amd64 compressed oops)
Heap:
 PSYoungGen      total 854528K, used 522432K [0x000000076ab00000, 0x00000007aad00000, 0x00000007c0000000)
  eden space 731648K, 60% used [0x000000076ab00000,0x0000000785eb1ae0,0x0000000797580000)
  from space 122880K, 62% used [0x000000079fa00000,0x00000007a447e640,0x00000007a7200000)
  to   space 135680K, 0% used [0x0000000797580000,0x0000000797580000,0x000000079fa00000)
 ParOldGen       total 579072K, used 410114K [0x00000006c0000000, 0x00000006e3580000, 0x000000076ab00000)
  object space 579072K, 70% used [0x00000006c0000000,0x00000006d9080af8,0x00000006e3580000)
 Metaspace       used 67335K, capacity 74003K, committed 74112K, reserved 1114112K
  class space    used 8771K, capacity 9235K, committed 9344K, reserved 1048576K
GC Heap History (10 events):
Event: 43.717 GC heap before
{Heap before GC invocations=21 (full 5):
 PSYoungGen      total 569344K, used 564084K [0x000000076ab00000, 0x00000007a0600000, 0x00000007c0000000)
  eden space 510464K, 100% used [0x000000076ab00000,0x0000000789d80000,0x0000000789d80000)
  from space 58880K, 91% used [0x0000000789d80000,0x000000078d1dd398,0x000000078d700000)
  to   space 90624K, 0% used [0x000000079ad80000,0x000000079ad80000,0x00000007a0600000)
 ParOldGen       total 280064K, used 176379K [0x00000006c0000000, 0x00000006d1180000, 0x000000076ab00000)
  object space 280064K, 62% used [0x00000006c0000000,0x00000006cac3ec58,0x00000006d1180000)
 Metaspace       used 65953K, capacity 72247K, committed 72320K, reserved 1112064K
  class space    used 8590K, capacity 9033K, committed 9088K, reserved 1048576K
Event: 44.045 GC heap after
Heap after GC invocations=21 (full 5):
 PSYoungGen      total 723968K, used 74714K [0x000000076ab00000, 0x000000079f680000, 0x00000007c0000000)
  eden space 649216K, 0% used [0x000000076ab00000,0x000000076ab00000,0x0000000792500000)
  from space 74752K, 99% used [0x000000079ad80000,0x000000079f676b28,0x000000079f680000)
  to   space 100352K, 0% used [0x0000000793280000,0x0000000793280000,0x0000000799480000)
 ParOldGen       total 280064K, used 230179K [0x00000006c0000000, 0x00000006d1180000, 0x000000076ab00000)
  object space 280064K, 82% used [0x00000006c0000000,0x00000006ce0c8d98,0x00000006d1180000)
 Metaspace       used 65953K, capacity 72247K, committed 72320K, reserved 1112064K
  class space    used 8590K, capacity 9033K, committed 9088K, reserved 1048576K
}
Event: 44.045 GC heap before
{Heap before GC invocations=22 (full 6):
 PSYoungGen      total 723968K, used 74714K [0x000000076ab00000, 0x000000079f680000, 0x00000007c0000000)
  eden space 649216K, 0% used [0x000000076ab00000,0x000000076ab00000,0x0000000792500000)
  from space 74752K, 99% used [0x000000079ad80000,0x000000079f676b28,0x000000079f680000)
  to   space 100352K, 0% used [0x0000000793280000,0x0000000793280000,0x0000000799480000)
 ParOldGen       total 280064K, used 230179K [0x00000006c0000000, 0x00000006d1180000, 0x000000076ab00000)
  object space 280064K, 82% used [0x00000006c0000000,0x00000006ce0c8d98,0x00000006d1180000)
 Metaspace       used 65953K, capacity 72247K, committed 72320K, reserved 1112064K
  class space    used 8590K, capacity 9033K, committed 9088K, reserved 1048576K
Event: 45.604 GC heap after
Heap after GC invocations=22 (full 6):
 PSYoungGen      total 723968K, used 21593K [0x000000076ab00000, 0x000000079f680000, 0x00000007c0000000)
  eden space 649216K, 0% used [0x000000076ab00000,0x000000076ab00000,0x0000000792500000)
  from space 74752K, 28% used [0x000000079ad80000,0x000000079c296640,0x000000079f680000)
  to   space 100352K, 0% used [0x0000000793280000,0x0000000793280000,0x0000000799480000)
 ParOldGen       total 410624K, used 279944K [0x00000006c0000000, 0x00000006d9100000, 0x000000076ab00000)
  object space 410624K, 68% used [0x00000006c0000000,0x00000006d1162120,0x00000006d9100000)
 Metaspace       used 65953K, capacity 72247K, committed 72320K, reserved 1112064K
  class space    used 8590K, capacity 9033K, committed 9088K, reserved 1048576K
}
Event: 48.315 GC heap before
{Heap before GC invocations=23 (full 6):
 PSYoungGen      total 723968K, used 670809K [0x000000076ab00000, 0x000000079f680000, 0x00000007c0000000)
  eden space 649216K, 100% used [0x000000076ab00000,0x0000000792500000,0x0000000792500000)
  from space 74752K, 28% used [0x000000079ad80000,0x000000079c296640,0x000000079f680000)
  to   space 100352K, 0% used [0x0000000793280000,0x0000000793280000,0x0000000799480000)
 ParOldGen       total 410624K, used 279944K [0x00000006c0000000, 0x00000006d9100000, 0x000000076ab00000)
  object space 410624K, 68% used [0x00000006c0000000,0x00000006d1162120,0x00000006d9100000)
 Metaspace       used 66055K, capacity 72375K, committed 72576K, reserved 1112064K
  class space    used 8590K, capacity 9033K, committed 9088K, reserved 1048576K
Event: 48.854 GC heap after
Heap after GC invocations=23 (full 6):
 PSYoungGen      total 763392K, used 100345K [0x000000076ab00000, 0x00000007a7200000, 0x00000007c0000000)
  eden space 663040K, 0% used [0x000000076ab00000,0x000000076ab00000,0x0000000793280000)
  from space 100352K, 99% used [0x0000000793280000,0x000000079947e7f8,0x0000000799480000)
  to   space 122880K, 0% used [0x000000079fa00000,0x000000079fa00000,0x00000007a7200000)
 ParOldGen       total 410624K, used 293398K [0x00000006c0000000, 0x00000006d9100000, 0x000000076ab00000)
  object space 410624K, 71% used [0x00000006c0000000,0x00000006d1e85be8,0x00000006d9100000)
 Metaspace       used 66055K, capacity 72375K, committed 72576K, reserved 1112064K
  class space    used 8590K, capacity 9033K, committed 9088K, reserved 1048576K
}
Event: 51.615 GC heap before
{Heap before GC invocations=24 (full 6):
 PSYoungGen      total 763392K, used 763385K [0x000000076ab00000, 0x00000007a7200000, 0x00000007c0000000)
  eden space 663040K, 100% used [0x000000076ab00000,0x0000000793280000,0x0000000793280000)
  from space 100352K, 99% used [0x0000000793280000,0x000000079947e7f8,0x0000000799480000)
  to   space 122880K, 0% used [0x000000079fa00000,0x000000079fa00000,0x00000007a7200000)
 ParOldGen       total 410624K, used 293398K [0x00000006c0000000, 0x00000006d9100000, 0x000000076ab00000)
  object space 410624K, 71% used [0x00000006c0000000,0x00000006d1e85be8,0x00000006d9100000)
 Metaspace       used 66203K, capacity 72451K, committed 72576K, reserved 1112064K
  class space    used 8594K, capacity 9035K, committed 9088K, reserved 1048576K
Event: 52.224 GC heap after
Heap after GC invocations=24 (full 6):
 PSYoungGen      total 854528K, used 99365K [0x000000076ab00000, 0x00000007aad00000, 0x00000007c0000000)
  eden space 731648K, 0% used [0x000000076ab00000,0x000000076ab00000,0x0000000797580000)
  from space 122880K, 80% used [0x000000079fa00000,0x00000007a5b095f0,0x00000007a7200000)
  to   space 135680K, 0% used [0x0000000797580000,0x0000000797580000,0x000000079fa00000)
 ParOldGen       total 410624K, used 393428K [0x00000006c0000000, 0x00000006d9100000, 0x000000076ab00000)
  object space 410624K, 95% used [0x00000006c0000000,0x00000006d8035150,0x00000006d9100000)
 Metaspace       used 66203K, capacity 72451K, committed 72576K, reserved 1112064K
  class space    used 8594K, capacity 9035K, committed 9088K, reserved 1048576K
}
Event: 52.224 GC heap before
{Heap before GC invocations=25 (full 7):
 PSYoungGen      total 854528K, used 99365K [0x000000076ab00000, 0x00000007aad00000, 0x00000007c0000000)
  eden space 731648K, 0% used [0x000000076ab00000,0x000000076ab00000,0x0000000797580000)
  from space 122880K, 80% used [0x000000079fa00000,0x00000007a5b095f0,0x00000007a7200000)
  to   space 135680K, 0% used [0x0000000797580000,0x0000000797580000,0x000000079fa00000)
 ParOldGen       total 410624K, used 393428K [0x00000006c0000000, 0x00000006d9100000, 0x000000076ab00000)
  object space 410624K, 95% used [0x00000006c0000000,0x00000006d8035150,0x00000006d9100000)
 Metaspace       used 66203K, capacity 72451K, committed 72576K, reserved 1112064K
  class space    used 8594K, capacity 9035K, committed 9088K, reserved 1048576K
Event: 55.866 GC heap after
Heap after GC invocations=25 (full 7):
 PSYoungGen      total 854528K, used 76281K [0x000000076ab00000, 0x00000007aad00000, 0x00000007c0000000)
  eden space 731648K, 0% used [0x000000076ab00000,0x000000076ab00000,0x0000000797580000)
  from space 122880K, 62% used [0x000000079fa00000,0x00000007a447e640,0x00000007a7200000)
  to   space 135680K, 0% used [0x0000000797580000,0x0000000797580000,0x000000079fa00000)
 ParOldGen       total 579072K, used 410114K [0x00000006c0000000, 0x00000006e3580000, 0x000000076ab00000)
  object space 579072K, 70% used [0x00000006c0000000,0x00000006d9080af8,0x00000006e3580000)
 Metaspace       used 66203K, capacity 72451K, committed 72576K, reserved 1112064K
  class space    used 8594K, capacity 9035K, committed 9088K, reserved 1048576K
}

